<?xml version="1.0" encoding="UTF-8"?>
<!-- Generated by org.testng.reporters.JUnitReportReporter -->
<testsuite hostname="namet5" name="com.qa.testcase.APIDemoTest1" tests="1" failures="0" timestamp="25 Sep 2019 10:15:36 GMT" time="8.453" errors="0">
  <testcase name="swippingWatch" time="8.453" classname="com.qa.testcase.APIDemoTest1"/>
</testsuite> <!-- com.qa.testcase.APIDemoTest1 -->
