<?xml version="1.0" encoding="UTF-8"?>
<!-- Generated by org.testng.reporters.JUnitReportReporter -->
<testsuite hostname="Torenzo" name="com.qa.testcase.APIDemoTest1" tests="1" failures="0" timestamp="23 Oct 2019 08:52:55 GMT" time="28.024" errors="0">
  <testcase name="swippingWatch" time="28.024" classname="com.qa.testcase.APIDemoTest1"/>
</testsuite> <!-- com.qa.testcase.APIDemoTest1 -->
