<?xml version="1.0" encoding="UTF-8"?>
<!-- Generated by org.testng.reporters.JUnitReportReporter -->
<testsuite hostname="namet5" name="com.qa.testcase.CopyOfAPIDemoTest1" tests="1" failures="0" timestamp="25 Sep 2019 08:44:34 GMT" time="8.001" errors="0">
  <testcase name="swippingWatch" time="8.001" classname="com.qa.testcase.CopyOfAPIDemoTest1"/>
</testsuite> <!-- com.qa.testcase.CopyOfAPIDemoTest1 -->
